MSBuild version 17.14.23+b0019275e for .NET Framework
Build started 07/12/2025 11:39:27 am.

Project "C:\Users\johna\source\repos\POS_System\POS_System\POS_System.csproj" on node 1 (Build target(s)).
GenerateBindingRedirectsUpdateAppConfig:
  Copying file from "C:\Users\johna\source\repos\POS_System\POS_System\App.config" to "C:\Users\johna\source\repos\POS_System\POS_System\obj\Debug\POS_System.exe.config".
  Touching "obj\Debug\POS_System.exe.config".
CoreResGen:
  Processing resource file "Form1.resx" into "obj\Debug\POS_System.Form1.resources".
  Processing resource file "Low_Stock_Value_Reminder.resx" into "obj\Debug\POS_System.Low_Stock_Value_Reminder.resources".
  Processing resource file "Properties\Resources.resx" into "obj\Debug\POS_System.Properties.Resources.resources".
  Processing resource file "PurchasingSummary.resx" into "obj\Debug\POS_System.PurchasingSummary.resources".
  Processing resource file "stock.resx" into "obj\Debug\POS_System.stock.resources".
  Processing resource file "StockView.resx" into "obj\Debug\POS_System.StockView.resources".
  Processing resource file "Work_Station.resx" into "obj\Debug\POS_System.Work_Station.resources".
GenerateTargetFrameworkMonikerAttribute:
Skipping target "GenerateTargetFrameworkMonikerAttribute" because all output files are up-to-date with respect to the input files.
CoreCompile:
  C:\Program Files\Microsoft Visual Studio\2022\Community\MSBuild\Current\Bin\Roslyn\csc.exe /noconfig /nowarn:1701,1702 /fullpaths /nostdlib+ /platform:anycpu32bitpreferred /errorreport:prompt /warn:4 /define:DEBUG;TRACE /highentropyva+ /reference:C:\Users\johna\source\repos\POS_System\packages\BouncyCastle.Cryptography.2.6.2\lib\net461\BouncyCastle.Cryptography.dll /reference:C:\Users\johna\source\repos\POS_System\packages\Google.Protobuf.3.32.0\lib\net45\Google.Protobuf.dll /reference:C:\Users\johna\source\repos\POS_System\packages\K4os.Compression.LZ4.1.3.8\lib\net462\K4os.Compression.LZ4.dll /reference:C:\Users\johna\source\repos\POS_System\packages\K4os.Hash.xxHash.1.0.8\lib\net462\K4os.Hash.xxHash.dll /reference:C:\Users\johna\source\repos\POS_System\packages\Microsoft.Bcl.AsyncInterfaces.5.0.0\lib\net461\Microsoft.Bcl.AsyncInterfaces.dll /reference:"C:\Program Files (x86)\Reference Assemblies\Microsoft\Framework\.NETFramework\v4.7.2\Microsoft.CSharp.dll" /reference:"C:\Program Files (x86)\Reference Assemblies\Microsoft\Framework\.NETFramework\v4.7.2\mscorlib.dll" /reference:C:\Users\johna\source\repos\POS_System\packages\MySql.Data.9.5.0\lib\net462\MySql.Data.dll /reference:C:\Users\johna\source\repos\POS_System\packages\System.Buffers.4.5.1\lib\net461\System.Buffers.dll /reference:C:\Users\johna\source\repos\POS_System\packages\System.Configuration.ConfigurationManager.8.0.0\lib\net462\System.Configuration.ConfigurationManager.dll /reference:"C:\Program Files (x86)\Reference Assemblies\Microsoft\Framework\.NETFramework\v4.7.2\System.Configuration.dll" /reference:"C:\Program Files (x86)\Reference Assemblies\Microsoft\Framework\.NETFramework\v4.7.2\System.Core.dll" /reference:"C:\Program Files (x86)\Reference Assemblies\Microsoft\Framework\.NETFramework\v4.7.2\System.Data.DataSetExtensions.dll" /reference:"C:\Program Files (x86)\Reference Assemblies\Microsoft\Framework\.NETFramework\v4.7.2\System.Data.dll" /reference:"C:\Program Files (x86)\Reference Assemblies\Microsoft\Framework\.NETFramework\v4.7.2\System.Deployment.dll" /reference:"C:\Program Files (x86)\Reference Assemblies\Microsoft\Framework\.NETFramework\v4.7.2\System.DirectoryServices.dll" /reference:"C:\Program Files (x86)\Reference Assemblies\Microsoft\Framework\.NETFramework\v4.7.2\System.dll" /reference:"C:\Program Files (x86)\Reference Assemblies\Microsoft\Framework\.NETFramework\v4.7.2\System.Drawing.dll" /reference:C:\Users\johna\source\repos\POS_System\packages\System.IO.Pipelines.5.0.2\lib\net461\System.IO.Pipelines.dll /reference:C:\Users\johna\source\repos\POS_System\packages\System.Memory.4.5.5\lib\net461\System.Memory.dll /reference:"C:\Program Files (x86)\Reference Assemblies\Microsoft\Framework\.NETFramework\v4.7.2\System.Net.Http.dll" /reference:"C:\Program Files (x86)\Reference Assemblies\Microsoft\Framework\.NETFramework\v4.7.2\System.Numerics.dll" /reference:C:\Users\johna\source\repos\POS_System\packages\System.Numerics.Vectors.4.5.0\lib\net46\System.Numerics.Vectors.dll /reference:C:\Users\johna\source\repos\POS_System\packages\System.Runtime.CompilerServices.Unsafe.6.0.0\lib\net461\System.Runtime.CompilerServices.Unsafe.dll /reference:C:\Users\johna\source\repos\POS_System\packages\System.Threading.Tasks.Extensions.4.5.4\lib\net461\System.Threading.Tasks.Extensions.dll /reference:"C:\Program Files (x86)\Reference Assemblies\Microsoft\Framework\.NETFramework\v4.7.2\System.Windows.Forms.DataVisualization.dll" /reference:"C:\Program Files (x86)\Reference Assemblies\Microsoft\Framework\.NETFramework\v4.7.2\System.Windows.Forms.dll" /reference:"C:\Program Files (x86)\Reference Assemblies\Microsoft\Framework\.NETFramework\v4.7.2\System.Xml.dll" /reference:"C:\Program Files (x86)\Reference Assemblies\Microsoft\Framework\.NETFramework\v4.7.2\System.Xml.Linq.dll" /reference:C:\Users\johna\source\repos\POS_System\packages\ZstdSharp.Port.0.8.6\lib\net462\ZstdSharp.dll /debug+ /debug:full /filealign:512 /optimize- /out:obj\Debug\POS_System.exe /subsystemversion:6.00 /resource:obj\Debug\POS_System.Form1.resources /resource:obj\Debug\POS_System.Low_Stock_Value_Reminder.resources /resource:obj\Debug\POS_System.Properties.Resources.resources /resource:obj\Debug\POS_System.PurchasingSummary.resources /resource:obj\Debug\POS_System.stock.resources /resource:obj\Debug\POS_System.StockView.resources /resource:obj\Debug\POS_System.Work_Station.resources /target:winexe /utf8output /deterministic+ /langversion:7.3 Form1.cs Form1.Designer.cs Low_Stock_Value_Reminder.cs Low_Stock_Value_Reminder.Designer.cs Model\Stock.cs Model\StockRepository.cs Program.cs Properties\AssemblyInfo.cs PurchasingSummary.cs PurchasingSummary.Designer.cs stock.cs stock.Designer.cs StockView.cs StockView.Designer.cs Work_Station.cs Work_Station.Designer.cs Properties\Resources.Designer.cs Properties\Settings.Designer.cs "obj\Debug\.NETFramework,Version=v4.7.2.AssemblyAttributes.cs"
C:\Users\johna\source\repos\POS_System\POS_System\StockView.cs(27,13): error CS0103: The name 'textBox1' does not exist in the current context [C:\Users\johna\source\repos\POS_System\POS_System\POS_System.csproj]
C:\Users\johna\source\repos\POS_System\POS_System\StockView.cs(32,13): error CS0103: The name 'removeItemToolStripMenuItem' does not exist in the current context [C:\Users\johna\source\repos\POS_System\POS_System\POS_System.csproj]
C:\Users\johna\source\repos\POS_System\POS_System\StockView.cs(70,28): error CS0103: The name 'textBox1' does not exist in the current context [C:\Users\johna\source\repos\POS_System\POS_System\POS_System.csproj]
  CompilerServer: server - server processed compilation - POS_System
Done Building Project "C:\Users\johna\source\repos\POS_System\POS_System\POS_System.csproj" (Build target(s)) -- FAILED.

Build FAILED.

"C:\Users\johna\source\repos\POS_System\POS_System\POS_System.csproj" (Build target) (1) ->
(CoreCompile target) -> 
  C:\Users\johna\source\repos\POS_System\POS_System\StockView.cs(27,13): error CS0103: The name 'textBox1' does not exist in the current context [C:\Users\johna\source\repos\POS_System\POS_System\POS_System.csproj]
  C:\Users\johna\source\repos\POS_System\POS_System\StockView.cs(32,13): error CS0103: The name 'removeItemToolStripMenuItem' does not exist in the current context [C:\Users\johna\source\repos\POS_System\POS_System\POS_System.csproj]
  C:\Users\johna\source\repos\POS_System\POS_System\StockView.cs(70,28): error CS0103: The name 'textBox1' does not exist in the current context [C:\Users\johna\source\repos\POS_System\POS_System\POS_System.csproj]

    0 Warning(s)
    3 Error(s)

Time Elapsed 00:00:00.78
